{
  "stats": {
    "suites": 4,
    "tests": 4,
    "passes": 4,
    "pending": 0,
    "failures": 0,
    "start": "2022-02-12T18:04:20.437Z",
    "end": "2022-02-12T18:04:24.335Z",
    "duration": 3898,
    "testsRegistered": 4,
    "passPercent": 100,
    "pendingPercent": 0,
    "other": 0,
    "hasOther": false,
    "skipped": 0,
    "hasSkipped": false
  },
  "results": [
    {
      "uuid": "33c0632f-0246-47ee-9141-c23fc18f7c32",
      "title": "",
      "fullFile": "cypress/integration/API_spec.js",
      "file": "cypress/integration/API_spec.js",
      "beforeHooks": [],
      "afterHooks": [],
      "tests": [],
      "suites": [
        {
          "uuid": "d2087768-1aec-473c-9744-0e9cd6913030",
          "title": "Get API user list",
          "fullFile": "",
          "file": "",
          "beforeHooks": [],
          "afterHooks": [],
          "tests": [
            {
              "title": "Get Users",
              "fullTitle": "Get API user list Get Users",
              "timedOut": null,
              "duration": 306,
              "state": "passed",
              "speed": "fast",
              "pass": true,
              "fail": false,
              "pending": false,
              "context": null,
              "code": "cy.request({\n  method: 'GET',\n  url: 'https://reqres.in/api/users'\n}).should(response => {\n  cy.log(JSON.stringify(response.body));\n  expect(response.status).to.eq(200);\n});",
              "err": {},
              "uuid": "b820cd1d-39bd-45bd-a425-99141aa7877a",
              "parentUUID": "d2087768-1aec-473c-9744-0e9cd6913030",
              "isHook": false,
              "skipped": false
            }
          ],
          "suites": [],
          "passes": [
            "b820cd1d-39bd-45bd-a425-99141aa7877a"
          ],
          "failures": [],
          "pending": [],
          "skipped": [],
          "duration": 306,
          "root": false,
          "rootEmpty": false,
          "_timeout": 2000
        },
        {
          "uuid": "40549825-9d81-4115-aa93-948daa1ec88f",
          "title": "Register Unsuccessful",
          "fullFile": "",
          "file": "",
          "beforeHooks": [],
          "afterHooks": [],
          "tests": [
            {
              "title": "Get Users",
              "fullTitle": "Register Unsuccessful Get Users",
              "timedOut": null,
              "duration": 184,
              "state": "passed",
              "speed": "fast",
              "pass": true,
              "fail": false,
              "pending": false,
              "context": null,
              "code": "cy.request({\n  method: 'POST',\n  url: 'https://reqres.in/api/register',\n  failOnStatusCode: false,\n  body: {\n    \"email\": \"sydney@fife\"\n  }\n}).then(response => {\n  cy.log(JSON.stringify(response.body));\n  expect(response.status).to.eq(400);\n});",
              "err": {},
              "uuid": "41926785-aa10-4c43-b52a-bd84da77bd13",
              "parentUUID": "40549825-9d81-4115-aa93-948daa1ec88f",
              "isHook": false,
              "skipped": false
            }
          ],
          "suites": [],
          "passes": [
            "41926785-aa10-4c43-b52a-bd84da77bd13"
          ],
          "failures": [],
          "pending": [],
          "skipped": [],
          "duration": 184,
          "root": false,
          "rootEmpty": false,
          "_timeout": 2000
        },
        {
          "uuid": "dceb2492-18c0-46d6-b107-c92ef9c52d5f",
          "title": "Delete user",
          "fullFile": "",
          "file": "",
          "beforeHooks": [],
          "afterHooks": [],
          "tests": [
            {
              "title": "Get Users",
              "fullTitle": "Delete user Get Users",
              "timedOut": null,
              "duration": 176,
              "state": "passed",
              "speed": "fast",
              "pass": true,
              "fail": false,
              "pending": false,
              "context": null,
              "code": "cy.request({\n  method: 'DELETE',\n  url: 'https://reqres.in/api/users/2'\n}).then(response => {\n  cy.log(JSON.stringify(response.body));\n  expect(response.status).to.eq(204);\n});",
              "err": {},
              "uuid": "d5889c9f-b6de-4b01-8743-03e5a4f78791",
              "parentUUID": "dceb2492-18c0-46d6-b107-c92ef9c52d5f",
              "isHook": false,
              "skipped": false
            }
          ],
          "suites": [],
          "passes": [
            "d5889c9f-b6de-4b01-8743-03e5a4f78791"
          ],
          "failures": [],
          "pending": [],
          "skipped": [],
          "duration": 176,
          "root": false,
          "rootEmpty": false,
          "_timeout": 2000
        },
        {
          "uuid": "a2cfc7a0-fde1-4e04-aa73-ebc8fe2b030a",
          "title": "Delayed Response",
          "fullFile": "",
          "file": "",
          "beforeHooks": [],
          "afterHooks": [],
          "tests": [
            {
              "title": "Get Users",
              "fullTitle": "Delayed Response Get Users",
              "timedOut": null,
              "duration": 3142,
              "state": "passed",
              "speed": "fast",
              "pass": true,
              "fail": false,
              "pending": false,
              "context": null,
              "code": "cy.request({\n  method: 'GET',\n  url: 'https://reqres.in/api/users?delay=3'\n}).then(response => {\n  cy.log(JSON.stringify(response.body));\n  expect(response.status).to.eq(200);\n});",
              "err": {},
              "uuid": "75f648f2-473b-45d9-a1f1-8cffc4b8f2eb",
              "parentUUID": "a2cfc7a0-fde1-4e04-aa73-ebc8fe2b030a",
              "isHook": false,
              "skipped": false
            }
          ],
          "suites": [],
          "passes": [
            "75f648f2-473b-45d9-a1f1-8cffc4b8f2eb"
          ],
          "failures": [],
          "pending": [],
          "skipped": [],
          "duration": 3142,
          "root": false,
          "rootEmpty": false,
          "_timeout": 2000
        }
      ],
      "passes": [],
      "failures": [],
      "pending": [],
      "skipped": [],
      "duration": 0,
      "root": true,
      "rootEmpty": true,
      "_timeout": 2000
    }
  ],
  "meta": {
    "mocha": {
      "version": "7.0.1"
    },
    "mochawesome": {
      "options": {
        "quiet": false,
        "reportFilename": "mochawesome",
        "saveHtml": false,
        "saveJson": true,
        "consoleReporter": "spec",
        "useInlineDiffs": false,
        "code": true
      },
      "version": "7.0.1"
    },
    "marge": {
      "options": {
        "id": "default",
        "reportDir": "cypress/reports/mocha",
        "quite": true,
        "overwrite": false,
        "html": false,
        "json": true
      },
      "version": "6.0.1"
    }
  }
}