{
  "stats": {
    "suites": 7,
    "tests": 38,
    "passes": 38,
    "pending": 0,
    "failures": 0,
    "start": "2022-02-12T16:44:33.185Z",
    "end": "2022-02-12T16:45:25.054Z",
    "duration": 51869,
    "testsRegistered": 38,
    "passPercent": 100,
    "pendingPercent": 0,
    "other": 0,
    "hasOther": false,
    "skipped": 0,
    "hasSkipped": false
  },
  "results": [
    {
      "uuid": "07e3874a-d16a-4ed2-b4b5-9ad65f7d3b44",
      "title": "",
      "fullFile": "cypress/integration/test.spec.js",
      "file": "cypress/integration/test.spec.js",
      "beforeHooks": [],
      "afterHooks": [],
      "tests": [],
      "suites": [
        {
          "uuid": "3ef2b214-c79a-4ed4-bfc5-5cec78d748a3",
          "title": "Maximise browser window and navigate to 'automationpractice.com' URL",
          "fullFile": "",
          "file": "",
          "beforeHooks": [],
          "afterHooks": [],
          "tests": [
            {
              "title": "Visits the AutomationPractice web page",
              "fullTitle": "Maximise browser window and navigate to 'automationpractice.com' URL Visits the AutomationPractice web page",
              "timedOut": null,
              "duration": 6783,
              "state": "passed",
              "speed": "medium",
              "pass": true,
              "fail": false,
              "pending": false,
              "context": null,
              "code": "cy.viewport(1920, 1080); //takodjer je ovo definisano u cypress.json fileu (ali ostavio sam ovo ovdje takodjer)\nsignUp.navigate();",
              "err": {},
              "uuid": "2945055f-074c-4902-8541-3ba96a2d9165",
              "parentUUID": "3ef2b214-c79a-4ed4-bfc5-5cec78d748a3",
              "isHook": false,
              "skipped": false
            },
            {
              "title": "AutomationPractice web page should be successfully opened",
              "fullTitle": "Maximise browser window and navigate to 'automationpractice.com' URL AutomationPractice web page should be successfully opened",
              "timedOut": null,
              "duration": 44,
              "state": "passed",
              "speed": "fast",
              "pass": true,
              "fail": false,
              "pending": false,
              "context": null,
              "code": "cy.url().should('eq', indexUrl);",
              "err": {},
              "uuid": "9b88c86c-3b48-469e-9292-96054477b66f",
              "parentUUID": "3ef2b214-c79a-4ed4-bfc5-5cec78d748a3",
              "isHook": false,
              "skipped": false
            }
          ],
          "suites": [],
          "passes": [
            "2945055f-074c-4902-8541-3ba96a2d9165",
            "9b88c86c-3b48-469e-9292-96054477b66f"
          ],
          "failures": [],
          "pending": [],
          "skipped": [],
          "duration": 6827,
          "root": false,
          "rootEmpty": false,
          "_timeout": 2000
        },
        {
          "uuid": "a3e47849-9545-4ec8-a4c1-3f42a6156685",
          "title": "On the Home page, click Sign in, enter email and click on the create account.",
          "fullFile": "",
          "file": "",
          "beforeHooks": [],
          "afterHooks": [],
          "tests": [
            {
              "title": " User should be able to click on the 'Sign in' button",
              "fullTitle": "On the Home page, click Sign in, enter email and click on the create account.  User should be able to click on the 'Sign in' button",
              "timedOut": null,
              "duration": 3139,
              "state": "passed",
              "speed": "fast",
              "pass": true,
              "fail": false,
              "pending": false,
              "context": null,
              "code": "signUp.signInButton();",
              "err": {},
              "uuid": "710f1113-09a6-4c97-a722-e17aac90f6dc",
              "parentUUID": "a3e47849-9545-4ec8-a4c1-3f42a6156685",
              "isHook": false,
              "skipped": false
            },
            {
              "title": "'Sign in' page should be successfully opened",
              "fullTitle": "On the Home page, click Sign in, enter email and click on the create account. 'Sign in' page should be successfully opened",
              "timedOut": null,
              "duration": 12,
              "state": "passed",
              "speed": "fast",
              "pass": true,
              "fail": false,
              "pending": false,
              "context": null,
              "code": "cy.url().should('eq', signInUrl);",
              "err": {},
              "uuid": "94a980a0-16df-4868-b51d-799a37d7045c",
              "parentUUID": "a3e47849-9545-4ec8-a4c1-3f42a6156685",
              "isHook": false,
              "skipped": false
            },
            {
              "title": "User should be able to enter email into 'Email address' field",
              "fullTitle": "On the Home page, click Sign in, enter email and click on the create account. User should be able to enter email into 'Email address' field",
              "timedOut": null,
              "duration": 653,
              "state": "passed",
              "speed": "fast",
              "pass": true,
              "fail": false,
              "pending": false,
              "context": null,
              "code": "signUp.enterEmail();",
              "err": {},
              "uuid": "00ad053f-e6fa-4ab0-8bf5-b39e077a533c",
              "parentUUID": "a3e47849-9545-4ec8-a4c1-3f42a6156685",
              "isHook": false,
              "skipped": false
            },
            {
              "title": "User should be able to click on 'Create an account' button",
              "fullTitle": "On the Home page, click Sign in, enter email and click on the create account. User should be able to click on 'Create an account' button",
              "timedOut": null,
              "duration": 3245,
              "state": "passed",
              "speed": "fast",
              "pass": true,
              "fail": false,
              "pending": false,
              "context": null,
              "code": "signUp.createAccountButton();",
              "err": {},
              "uuid": "9dd1083e-627f-4249-a029-943f3681330e",
              "parentUUID": "a3e47849-9545-4ec8-a4c1-3f42a6156685",
              "isHook": false,
              "skipped": false
            },
            {
              "title": "User should be able to select the 'Title'",
              "fullTitle": "On the Home page, click Sign in, enter email and click on the create account. User should be able to select the 'Title'",
              "timedOut": null,
              "duration": 175,
              "state": "passed",
              "speed": "fast",
              "pass": true,
              "fail": false,
              "pending": false,
              "context": null,
              "code": "signUp.selectTitle();",
              "err": {},
              "uuid": "34dcaa5d-2263-4196-be7a-15ae882cbf6d",
              "parentUUID": "a3e47849-9545-4ec8-a4c1-3f42a6156685",
              "isHook": false,
              "skipped": false
            },
            {
              "title": "User should be able to enter the 'First Name'",
              "fullTitle": "On the Home page, click Sign in, enter email and click on the create account. User should be able to enter the 'First Name'",
              "timedOut": null,
              "duration": 377,
              "state": "passed",
              "speed": "fast",
              "pass": true,
              "fail": false,
              "pending": false,
              "context": null,
              "code": "signUp.enterName();",
              "err": {},
              "uuid": "02c061cf-d652-4617-b046-ecd2417becc5",
              "parentUUID": "a3e47849-9545-4ec8-a4c1-3f42a6156685",
              "isHook": false,
              "skipped": false
            },
            {
              "title": "User should be able to enter the 'Last Name'",
              "fullTitle": "On the Home page, click Sign in, enter email and click on the create account. User should be able to enter the 'Last Name'",
              "timedOut": null,
              "duration": 438,
              "state": "passed",
              "speed": "fast",
              "pass": true,
              "fail": false,
              "pending": false,
              "context": null,
              "code": "signUp.enterLastName();",
              "err": {},
              "uuid": "29a3e2a7-0da7-4d9b-b566-d0e1628f9084",
              "parentUUID": "a3e47849-9545-4ec8-a4c1-3f42a6156685",
              "isHook": false,
              "skipped": false
            },
            {
              "title": "User should be able to enter the 'Password'",
              "fullTitle": "On the Home page, click Sign in, enter email and click on the create account. User should be able to enter the 'Password'",
              "timedOut": null,
              "duration": 434,
              "state": "passed",
              "speed": "fast",
              "pass": true,
              "fail": false,
              "pending": false,
              "context": null,
              "code": "signUp.enterPassword();",
              "err": {},
              "uuid": "1936914c-9e63-4baf-bee8-201a42d0fe01",
              "parentUUID": "a3e47849-9545-4ec8-a4c1-3f42a6156685",
              "isHook": false,
              "skipped": false
            },
            {
              "title": "User should be able to enter the 'Address'",
              "fullTitle": "On the Home page, click Sign in, enter email and click on the create account. User should be able to enter the 'Address'",
              "timedOut": null,
              "duration": 531,
              "state": "passed",
              "speed": "fast",
              "pass": true,
              "fail": false,
              "pending": false,
              "context": null,
              "code": "signUp.enterAddress();",
              "err": {},
              "uuid": "f51507d5-9ef8-4653-97bd-56138822fe9b",
              "parentUUID": "a3e47849-9545-4ec8-a4c1-3f42a6156685",
              "isHook": false,
              "skipped": false
            },
            {
              "title": "User should be able to enter the 'City'",
              "fullTitle": "On the Home page, click Sign in, enter email and click on the create account. User should be able to enter the 'City'",
              "timedOut": null,
              "duration": 377,
              "state": "passed",
              "speed": "fast",
              "pass": true,
              "fail": false,
              "pending": false,
              "context": null,
              "code": "signUp.enterCity();",
              "err": {},
              "uuid": "689bbee6-6228-43db-9c77-d27c85353938",
              "parentUUID": "a3e47849-9545-4ec8-a4c1-3f42a6156685",
              "isHook": false,
              "skipped": false
            },
            {
              "title": "User should be able to select the 'State'",
              "fullTitle": "On the Home page, click Sign in, enter email and click on the create account. User should be able to select the 'State'",
              "timedOut": null,
              "duration": 215,
              "state": "passed",
              "speed": "fast",
              "pass": true,
              "fail": false,
              "pending": false,
              "context": null,
              "code": "signUp.selectState();",
              "err": {},
              "uuid": "4f1fdc58-6b25-4f9f-a597-9cf6e74187d0",
              "parentUUID": "a3e47849-9545-4ec8-a4c1-3f42a6156685",
              "isHook": false,
              "skipped": false
            },
            {
              "title": "User should be able to enter the 'Zip/Postal Code'",
              "fullTitle": "On the Home page, click Sign in, enter email and click on the create account. User should be able to enter the 'Zip/Postal Code'",
              "timedOut": null,
              "duration": 358,
              "state": "passed",
              "speed": "fast",
              "pass": true,
              "fail": false,
              "pending": false,
              "context": null,
              "code": "signUp.enterZIP();",
              "err": {},
              "uuid": "bbce001f-8dfa-4708-8ddc-d909b7cfe056",
              "parentUUID": "a3e47849-9545-4ec8-a4c1-3f42a6156685",
              "isHook": false,
              "skipped": false
            },
            {
              "title": "User should be able to enter the 'Mobile Phone'",
              "fullTitle": "On the Home page, click Sign in, enter email and click on the create account. User should be able to enter the 'Mobile Phone'",
              "timedOut": null,
              "duration": 419,
              "state": "passed",
              "speed": "fast",
              "pass": true,
              "fail": false,
              "pending": false,
              "context": null,
              "code": "signUp.enterMobilePhone();",
              "err": {},
              "uuid": "3c85a5e2-4557-4be4-8f81-b074e53b52fe",
              "parentUUID": "a3e47849-9545-4ec8-a4c1-3f42a6156685",
              "isHook": false,
              "skipped": false
            },
            {
              "title": "User should be able to click on 'Register' button",
              "fullTitle": "On the Home page, click Sign in, enter email and click on the create account. User should be able to click on 'Register' button",
              "timedOut": null,
              "duration": 6799,
              "state": "passed",
              "speed": "medium",
              "pass": true,
              "fail": false,
              "pending": false,
              "context": null,
              "code": "signUp.registerButton();",
              "err": {},
              "uuid": "0ad1f1ca-7365-4cc8-b022-779f3c126352",
              "parentUUID": "a3e47849-9545-4ec8-a4c1-3f42a6156685",
              "isHook": false,
              "skipped": false
            },
            {
              "title": "User should be successfully Logged In (verified by an existing 'Sign Out' button in top right corner",
              "fullTitle": "On the Home page, click Sign in, enter email and click on the create account. User should be successfully Logged In (verified by an existing 'Sign Out' button in top right corner",
              "timedOut": null,
              "duration": 25,
              "state": "passed",
              "speed": "fast",
              "pass": true,
              "fail": false,
              "pending": false,
              "context": null,
              "code": "signUp.signOutVisible();",
              "err": {},
              "uuid": "6909b854-a7d8-4dee-9612-d25815e2c98a",
              "parentUUID": "a3e47849-9545-4ec8-a4c1-3f42a6156685",
              "isHook": false,
              "skipped": false
            }
          ],
          "suites": [],
          "passes": [
            "710f1113-09a6-4c97-a722-e17aac90f6dc",
            "94a980a0-16df-4868-b51d-799a37d7045c",
            "00ad053f-e6fa-4ab0-8bf5-b39e077a533c",
            "9dd1083e-627f-4249-a029-943f3681330e",
            "34dcaa5d-2263-4196-be7a-15ae882cbf6d",
            "02c061cf-d652-4617-b046-ecd2417becc5",
            "29a3e2a7-0da7-4d9b-b566-d0e1628f9084",
            "1936914c-9e63-4baf-bee8-201a42d0fe01",
            "f51507d5-9ef8-4653-97bd-56138822fe9b",
            "689bbee6-6228-43db-9c77-d27c85353938",
            "4f1fdc58-6b25-4f9f-a597-9cf6e74187d0",
            "bbce001f-8dfa-4708-8ddc-d909b7cfe056",
            "3c85a5e2-4557-4be4-8f81-b074e53b52fe",
            "0ad1f1ca-7365-4cc8-b022-779f3c126352",
            "6909b854-a7d8-4dee-9612-d25815e2c98a"
          ],
          "failures": [],
          "pending": [],
          "skipped": [],
          "duration": 17197,
          "root": false,
          "rootEmpty": false,
          "_timeout": 2000
        },
        {
          "uuid": "9191dedb-aeef-441b-8cd0-6d358486e1d8",
          "title": "Verify that the popular category has 7 products",
          "fullFile": "",
          "file": "",
          "beforeHooks": [],
          "afterHooks": [],
          "tests": [
            {
              "title": "User should be able to navigate to Home page",
              "fullTitle": "Verify that the popular category has 7 products User should be able to navigate to Home page",
              "timedOut": null,
              "duration": 3244,
              "state": "passed",
              "speed": "fast",
              "pass": true,
              "fail": false,
              "pending": false,
              "context": null,
              "code": "popular.navigateToHomePage();",
              "err": {},
              "uuid": "0d850da8-f1b7-4d6f-91c7-53818762b4cf",
              "parentUUID": "9191dedb-aeef-441b-8cd0-6d358486e1d8",
              "isHook": false,
              "skipped": false
            },
            {
              "title": "'Popular' category should have 7 products",
              "fullTitle": "Verify that the popular category has 7 products 'Popular' category should have 7 products",
              "timedOut": null,
              "duration": 187,
              "state": "passed",
              "speed": "fast",
              "pass": true,
              "fail": false,
              "pending": false,
              "context": null,
              "code": "popular.verify7Products();",
              "err": {},
              "uuid": "d4715b97-d1e3-4de5-aa68-eaf326c3c089",
              "parentUUID": "9191dedb-aeef-441b-8cd0-6d358486e1d8",
              "isHook": false,
              "skipped": false
            }
          ],
          "suites": [],
          "passes": [
            "0d850da8-f1b7-4d6f-91c7-53818762b4cf",
            "d4715b97-d1e3-4de5-aa68-eaf326c3c089"
          ],
          "failures": [],
          "pending": [],
          "skipped": [],
          "duration": 3431,
          "root": false,
          "rootEmpty": false,
          "_timeout": 2000
        },
        {
          "uuid": "8b32903e-7228-47b9-bcd4-d70baa70572f",
          "title": "Verify that the best sellers category has 7 products",
          "fullFile": "",
          "file": "",
          "beforeHooks": [],
          "afterHooks": [],
          "tests": [
            {
              "title": "User should be able to click on Best Sellers button",
              "fullTitle": "Verify that the best sellers category has 7 products User should be able to click on Best Sellers button",
              "timedOut": null,
              "duration": 296,
              "state": "passed",
              "speed": "fast",
              "pass": true,
              "fail": false,
              "pending": false,
              "context": null,
              "code": "sellers.clickOnBestSellers();",
              "err": {},
              "uuid": "d0281500-8eb4-47e1-b6db-dbb8da0faa95",
              "parentUUID": "8b32903e-7228-47b9-bcd4-d70baa70572f",
              "isHook": false,
              "skipped": false
            },
            {
              "title": "Verify that Best Sellers product list is displayed",
              "fullTitle": "Verify that the best sellers category has 7 products Verify that Best Sellers product list is displayed",
              "timedOut": null,
              "duration": 71,
              "state": "passed",
              "speed": "fast",
              "pass": true,
              "fail": false,
              "pending": false,
              "context": null,
              "code": "sellers.verifyBestSellersList();",
              "err": {},
              "uuid": "e085fdfc-3866-4f17-87d6-320a7278a13f",
              "parentUUID": "8b32903e-7228-47b9-bcd4-d70baa70572f",
              "isHook": false,
              "skipped": false
            },
            {
              "title": "'Best Sellers' category should have 7 products",
              "fullTitle": "Verify that the best sellers category has 7 products 'Best Sellers' category should have 7 products",
              "timedOut": null,
              "duration": 65,
              "state": "passed",
              "speed": "fast",
              "pass": true,
              "fail": false,
              "pending": false,
              "context": null,
              "code": "sellers.verify7Products();",
              "err": {},
              "uuid": "7c784ae9-9c11-489c-893e-8dc257dd2ab1",
              "parentUUID": "8b32903e-7228-47b9-bcd4-d70baa70572f",
              "isHook": false,
              "skipped": false
            }
          ],
          "suites": [],
          "passes": [
            "d0281500-8eb4-47e1-b6db-dbb8da0faa95",
            "e085fdfc-3866-4f17-87d6-320a7278a13f",
            "7c784ae9-9c11-489c-893e-8dc257dd2ab1"
          ],
          "failures": [],
          "pending": [],
          "skipped": [],
          "duration": 432,
          "root": false,
          "rootEmpty": false,
          "_timeout": 2000
        },
        {
          "uuid": "d8f33e14-05c1-4bd7-b29a-31461090a89d",
          "title": "Enter 'Printed Dresses' into the search field and save the results titles into a .txt file",
          "fullFile": "",
          "file": "",
          "beforeHooks": [],
          "afterHooks": [],
          "tests": [
            {
              "title": "User should be able to search for 'Printed dresses'",
              "fullTitle": "Enter 'Printed Dresses' into the search field and save the results titles into a .txt file User should be able to search for 'Printed dresses'",
              "timedOut": null,
              "duration": 3008,
              "state": "passed",
              "speed": "fast",
              "pass": true,
              "fail": false,
              "pending": false,
              "context": null,
              "code": "printedDresses.searchForPrintedDresses();",
              "err": {},
              "uuid": "94e4f858-6bd3-4c4b-a1ba-a69882ceb969",
              "parentUUID": "d8f33e14-05c1-4bd7-b29a-31461090a89d",
              "isHook": false,
              "skipped": false
            },
            {
              "title": "Verify that 5 products with name are displayed",
              "fullTitle": "Enter 'Printed Dresses' into the search field and save the results titles into a .txt file Verify that 5 products with name are displayed",
              "timedOut": null,
              "duration": 54,
              "state": "passed",
              "speed": "fast",
              "pass": true,
              "fail": false,
              "pending": false,
              "context": null,
              "code": "printedDresses.verify5Products();",
              "err": {},
              "uuid": "4ce7ad44-5542-4201-8e6c-a3170e5204e2",
              "parentUUID": "d8f33e14-05c1-4bd7-b29a-31461090a89d",
              "isHook": false,
              "skipped": false
            },
            {
              "title": "Input results into .txt file",
              "fullTitle": "Enter 'Printed Dresses' into the search field and save the results titles into a .txt file Input results into .txt file",
              "timedOut": null,
              "duration": 94,
              "state": "passed",
              "speed": "fast",
              "pass": true,
              "fail": false,
              "pending": false,
              "context": null,
              "code": "printedDresses.inputResultsIntoTXTfile();",
              "err": {},
              "uuid": "debc100b-e239-47ed-a072-54265eb05c90",
              "parentUUID": "d8f33e14-05c1-4bd7-b29a-31461090a89d",
              "isHook": false,
              "skipped": false
            }
          ],
          "suites": [],
          "passes": [
            "94e4f858-6bd3-4c4b-a1ba-a69882ceb969",
            "4ce7ad44-5542-4201-8e6c-a3170e5204e2",
            "debc100b-e239-47ed-a072-54265eb05c90"
          ],
          "failures": [],
          "pending": [],
          "skipped": [],
          "duration": 3156,
          "root": false,
          "rootEmpty": false,
          "_timeout": 2000
        },
        {
          "uuid": "27396a9c-18cf-44a0-ae90-92feeb544f4e",
          "title": "User should not be able to create an account with already used email",
          "fullFile": "",
          "file": "",
          "beforeHooks": [],
          "afterHooks": [],
          "tests": [
            {
              "title": "Visits the AutomationPractice web page",
              "fullTitle": "User should not be able to create an account with already used email Visits the AutomationPractice web page",
              "timedOut": null,
              "duration": 3594,
              "state": "passed",
              "speed": "fast",
              "pass": true,
              "fail": false,
              "pending": false,
              "context": null,
              "code": "signUp.navigate();",
              "err": {},
              "uuid": "22ef473c-05cb-4fba-8a06-7f75192edd7a",
              "parentUUID": "27396a9c-18cf-44a0-ae90-92feeb544f4e",
              "isHook": false,
              "skipped": false
            },
            {
              "title": "AutomationPractice web page should be successfully opened",
              "fullTitle": "User should not be able to create an account with already used email AutomationPractice web page should be successfully opened",
              "timedOut": null,
              "duration": 79,
              "state": "passed",
              "speed": "fast",
              "pass": true,
              "fail": false,
              "pending": false,
              "context": null,
              "code": "cy.url().should('eq', indexUrl);",
              "err": {},
              "uuid": "f510e2fb-199c-47a4-9e9b-baecfc2c0aec",
              "parentUUID": "27396a9c-18cf-44a0-ae90-92feeb544f4e",
              "isHook": false,
              "skipped": false
            },
            {
              "title": "User should be able to click on the 'Sign in' button",
              "fullTitle": "User should not be able to create an account with already used email User should be able to click on the 'Sign in' button",
              "timedOut": null,
              "duration": 1859,
              "state": "passed",
              "speed": "fast",
              "pass": true,
              "fail": false,
              "pending": false,
              "context": null,
              "code": "signUp.signInButton();",
              "err": {},
              "uuid": "c65cedbf-5b22-4e01-ba3b-f83f0ae6cb28",
              "parentUUID": "27396a9c-18cf-44a0-ae90-92feeb544f4e",
              "isHook": false,
              "skipped": false
            },
            {
              "title": "User enters already registered Email",
              "fullTitle": "User should not be able to create an account with already used email User enters already registered Email",
              "timedOut": null,
              "duration": 502,
              "state": "passed",
              "speed": "fast",
              "pass": true,
              "fail": false,
              "pending": false,
              "context": null,
              "code": "signUp.enterUsedEmail();",
              "err": {},
              "uuid": "53a0404d-3d10-4202-8a29-4dc6ba8cd4ce",
              "parentUUID": "27396a9c-18cf-44a0-ae90-92feeb544f4e",
              "isHook": false,
              "skipped": false
            },
            {
              "title": "User should be able to click on 'Create an account' button",
              "fullTitle": "User should not be able to create an account with already used email User should be able to click on 'Create an account' button",
              "timedOut": null,
              "duration": 3159,
              "state": "passed",
              "speed": "fast",
              "pass": true,
              "fail": false,
              "pending": false,
              "context": null,
              "code": "signUp.createAccountButton();",
              "err": {},
              "uuid": "4326ca96-fe93-4d93-8c48-3378cf3740ec",
              "parentUUID": "27396a9c-18cf-44a0-ae90-92feeb544f4e",
              "isHook": false,
              "skipped": false
            },
            {
              "title": "Error message should be displayed",
              "fullTitle": "User should not be able to create an account with already used email Error message should be displayed",
              "timedOut": null,
              "duration": 47,
              "state": "passed",
              "speed": "fast",
              "pass": true,
              "fail": false,
              "pending": false,
              "context": null,
              "code": "signUp.usedEmailErrorMessage();",
              "err": {},
              "uuid": "60f820b9-9f94-466e-9d1b-5b2df6d646b3",
              "parentUUID": "27396a9c-18cf-44a0-ae90-92feeb544f4e",
              "isHook": false,
              "skipped": false
            }
          ],
          "suites": [],
          "passes": [
            "22ef473c-05cb-4fba-8a06-7f75192edd7a",
            "f510e2fb-199c-47a4-9e9b-baecfc2c0aec",
            "c65cedbf-5b22-4e01-ba3b-f83f0ae6cb28",
            "53a0404d-3d10-4202-8a29-4dc6ba8cd4ce",
            "4326ca96-fe93-4d93-8c48-3378cf3740ec",
            "60f820b9-9f94-466e-9d1b-5b2df6d646b3"
          ],
          "failures": [],
          "pending": [],
          "skipped": [],
          "duration": 9240,
          "root": false,
          "rootEmpty": false,
          "_timeout": 2000
        },
        {
          "uuid": "9ca262e2-906d-4a3d-a6ca-770eb046dc32",
          "title": "User should not be able to Sign In with invalid Password",
          "fullFile": "",
          "file": "",
          "beforeHooks": [],
          "afterHooks": [],
          "tests": [
            {
              "title": "Visits the AutomationPractice web page",
              "fullTitle": "User should not be able to Sign In with invalid Password Visits the AutomationPractice web page",
              "timedOut": null,
              "duration": 2105,
              "state": "passed",
              "speed": "fast",
              "pass": true,
              "fail": false,
              "pending": false,
              "context": null,
              "code": "signUp.navigate();",
              "err": {},
              "uuid": "4e0b7d7a-b035-498a-b253-c0b9368b8bc3",
              "parentUUID": "9ca262e2-906d-4a3d-a6ca-770eb046dc32",
              "isHook": false,
              "skipped": false
            },
            {
              "title": "AutomationPractice web page should be successfully opened",
              "fullTitle": "User should not be able to Sign In with invalid Password AutomationPractice web page should be successfully opened",
              "timedOut": null,
              "duration": 29,
              "state": "passed",
              "speed": "fast",
              "pass": true,
              "fail": false,
              "pending": false,
              "context": null,
              "code": "cy.url().should('eq', indexUrl);",
              "err": {},
              "uuid": "dbf8ebfc-1b22-48f8-8c5c-edbffc1f4f86",
              "parentUUID": "9ca262e2-906d-4a3d-a6ca-770eb046dc32",
              "isHook": false,
              "skipped": false
            },
            {
              "title": "User should be able to click on the 'Sign in' button",
              "fullTitle": "User should not be able to Sign In with invalid Password User should be able to click on the 'Sign in' button",
              "timedOut": null,
              "duration": 1583,
              "state": "passed",
              "speed": "fast",
              "pass": true,
              "fail": false,
              "pending": false,
              "context": null,
              "code": "signUp.signInButton();",
              "err": {},
              "uuid": "98ceedd1-3063-41a8-a922-404450149f52",
              "parentUUID": "9ca262e2-906d-4a3d-a6ca-770eb046dc32",
              "isHook": false,
              "skipped": false
            },
            {
              "title": "User enters Email Address in Sign In form",
              "fullTitle": "User should not be able to Sign In with invalid Password User enters Email Address in Sign In form",
              "timedOut": null,
              "duration": 499,
              "state": "passed",
              "speed": "fast",
              "pass": true,
              "fail": false,
              "pending": false,
              "context": null,
              "code": "signIn.enterEmailSignIn();",
              "err": {},
              "uuid": "43ffb056-b100-4826-91ba-134b731e3667",
              "parentUUID": "9ca262e2-906d-4a3d-a6ca-770eb046dc32",
              "isHook": false,
              "skipped": false
            },
            {
              "title": "User enters Wrong Password in Sign In form",
              "fullTitle": "User should not be able to Sign In with invalid Password User enters Wrong Password in Sign In form",
              "timedOut": null,
              "duration": 411,
              "state": "passed",
              "speed": "fast",
              "pass": true,
              "fail": false,
              "pending": false,
              "context": null,
              "code": "signIn.enterWrongPassword();",
              "err": {},
              "uuid": "1e918c07-0150-4ad5-8fec-da3781fdebab",
              "parentUUID": "9ca262e2-906d-4a3d-a6ca-770eb046dc32",
              "isHook": false,
              "skipped": false
            },
            {
              "title": "User should be able to click on Sign In button",
              "fullTitle": "User should not be able to Sign In with invalid Password User should be able to click on Sign In button",
              "timedOut": null,
              "duration": 1118,
              "state": "passed",
              "speed": "fast",
              "pass": true,
              "fail": false,
              "pending": false,
              "context": null,
              "code": "signIn.clickSignInButton();",
              "err": {},
              "uuid": "73078ee3-da7c-44ef-81d8-ce74d7218277",
              "parentUUID": "9ca262e2-906d-4a3d-a6ca-770eb046dc32",
              "isHook": false,
              "skipped": false
            },
            {
              "title": "Error message should be displayed",
              "fullTitle": "User should not be able to Sign In with invalid Password Error message should be displayed",
              "timedOut": null,
              "duration": 22,
              "state": "passed",
              "speed": "fast",
              "pass": true,
              "fail": false,
              "pending": false,
              "context": null,
              "code": "signIn.authenticationError();",
              "err": {},
              "uuid": "e095690d-a330-4135-a0c6-90f93b41ff00",
              "parentUUID": "9ca262e2-906d-4a3d-a6ca-770eb046dc32",
              "isHook": false,
              "skipped": false
            }
          ],
          "suites": [],
          "passes": [
            "4e0b7d7a-b035-498a-b253-c0b9368b8bc3",
            "dbf8ebfc-1b22-48f8-8c5c-edbffc1f4f86",
            "98ceedd1-3063-41a8-a922-404450149f52",
            "43ffb056-b100-4826-91ba-134b731e3667",
            "1e918c07-0150-4ad5-8fec-da3781fdebab",
            "73078ee3-da7c-44ef-81d8-ce74d7218277",
            "e095690d-a330-4135-a0c6-90f93b41ff00"
          ],
          "failures": [],
          "pending": [],
          "skipped": [],
          "duration": 5767,
          "root": false,
          "rootEmpty": false,
          "_timeout": 2000
        }
      ],
      "passes": [],
      "failures": [],
      "pending": [],
      "skipped": [],
      "duration": 0,
      "root": true,
      "rootEmpty": true,
      "_timeout": 2000
    }
  ],
  "meta": {
    "mocha": {
      "version": "7.0.1"
    },
    "mochawesome": {
      "options": {
        "quiet": false,
        "reportFilename": "mochawesome",
        "saveHtml": false,
        "saveJson": true,
        "consoleReporter": "spec",
        "useInlineDiffs": false,
        "code": true
      },
      "version": "7.0.1"
    },
    "marge": {
      "options": {
        "id": "default",
        "reportDir": "cypress/reports/mocha",
        "quite": true,
        "overwrite": false,
        "html": false,
        "json": true
      },
      "version": "6.0.1"
    }
  }
}