{
  "stats": {
    "suites": 4,
    "tests": 4,
    "passes": 4,
    "pending": 0,
    "failures": 0,
    "start": "2022-02-12T16:44:26.354Z",
    "end": "2022-02-12T16:44:30.125Z",
    "duration": 3771,
    "testsRegistered": 4,
    "passPercent": 100,
    "pendingPercent": 0,
    "other": 0,
    "hasOther": false,
    "skipped": 0,
    "hasSkipped": false
  },
  "results": [
    {
      "uuid": "3eb63e71-eba4-40d4-be48-436e3c1543e5",
      "title": "",
      "fullFile": "cypress/integration/API_spec.js",
      "file": "cypress/integration/API_spec.js",
      "beforeHooks": [],
      "afterHooks": [],
      "tests": [],
      "suites": [
        {
          "uuid": "e65d98d4-3a4d-4730-897d-1f7e11efe07a",
          "title": "Get API user list",
          "fullFile": "",
          "file": "",
          "beforeHooks": [],
          "afterHooks": [],
          "tests": [
            {
              "title": "Get Users",
              "fullTitle": "Get API user list Get Users",
              "timedOut": null,
              "duration": 210,
              "state": "passed",
              "speed": "fast",
              "pass": true,
              "fail": false,
              "pending": false,
              "context": null,
              "code": "cy.request({\n  method: 'GET',\n  url: 'https://reqres.in/api/users'\n}).should(response => {\n  cy.log(JSON.stringify(response.body));\n  expect(response.status).to.eq(200);\n});",
              "err": {},
              "uuid": "c45d6c44-cc25-40a9-bb4e-7cc0fea1f9e4",
              "parentUUID": "e65d98d4-3a4d-4730-897d-1f7e11efe07a",
              "isHook": false,
              "skipped": false
            }
          ],
          "suites": [],
          "passes": [
            "c45d6c44-cc25-40a9-bb4e-7cc0fea1f9e4"
          ],
          "failures": [],
          "pending": [],
          "skipped": [],
          "duration": 210,
          "root": false,
          "rootEmpty": false,
          "_timeout": 2000
        },
        {
          "uuid": "70e9ebd0-5ba3-484d-8b50-d34e50d19431",
          "title": "Register Unsuccessful",
          "fullFile": "",
          "file": "",
          "beforeHooks": [],
          "afterHooks": [],
          "tests": [
            {
              "title": "Get Users",
              "fullTitle": "Register Unsuccessful Get Users",
              "timedOut": null,
              "duration": 179,
              "state": "passed",
              "speed": "fast",
              "pass": true,
              "fail": false,
              "pending": false,
              "context": null,
              "code": "cy.request({\n  method: 'POST',\n  url: 'https://reqres.in/api/register',\n  failOnStatusCode: false,\n  body: {\n    \"email\": \"sydney@fife\"\n  }\n}).then(response => {\n  cy.log(JSON.stringify(response.body));\n  expect(response.status).to.eq(400);\n});",
              "err": {},
              "uuid": "1981b0c1-b1f9-40b2-82d4-005123ed3d49",
              "parentUUID": "70e9ebd0-5ba3-484d-8b50-d34e50d19431",
              "isHook": false,
              "skipped": false
            }
          ],
          "suites": [],
          "passes": [
            "1981b0c1-b1f9-40b2-82d4-005123ed3d49"
          ],
          "failures": [],
          "pending": [],
          "skipped": [],
          "duration": 179,
          "root": false,
          "rootEmpty": false,
          "_timeout": 2000
        },
        {
          "uuid": "2daeea0e-f5bc-4016-8ebc-8352f2c9b560",
          "title": "Delete user",
          "fullFile": "",
          "file": "",
          "beforeHooks": [],
          "afterHooks": [],
          "tests": [
            {
              "title": "Get Users",
              "fullTitle": "Delete user Get Users",
              "timedOut": null,
              "duration": 146,
              "state": "passed",
              "speed": "fast",
              "pass": true,
              "fail": false,
              "pending": false,
              "context": null,
              "code": "cy.request({\n  method: 'DELETE',\n  url: 'https://reqres.in/api/users/2'\n}).then(response => {\n  cy.log(JSON.stringify(response.body));\n  expect(response.status).to.eq(204);\n});",
              "err": {},
              "uuid": "f241fb71-8f19-48e4-a446-ad65371f8786",
              "parentUUID": "2daeea0e-f5bc-4016-8ebc-8352f2c9b560",
              "isHook": false,
              "skipped": false
            }
          ],
          "suites": [],
          "passes": [
            "f241fb71-8f19-48e4-a446-ad65371f8786"
          ],
          "failures": [],
          "pending": [],
          "skipped": [],
          "duration": 146,
          "root": false,
          "rootEmpty": false,
          "_timeout": 2000
        },
        {
          "uuid": "d2f24cf0-cba8-4973-8949-89c0192b2e85",
          "title": "Delayed Response",
          "fullFile": "",
          "file": "",
          "beforeHooks": [],
          "afterHooks": [],
          "tests": [
            {
              "title": "Get Users",
              "fullTitle": "Delayed Response Get Users",
              "timedOut": null,
              "duration": 3152,
              "state": "passed",
              "speed": "fast",
              "pass": true,
              "fail": false,
              "pending": false,
              "context": null,
              "code": "cy.request({\n  method: 'GET',\n  url: 'https://reqres.in/api/users?delay=3'\n}).then(response => {\n  cy.log(JSON.stringify(response.body));\n  expect(response.status).to.eq(200);\n});",
              "err": {},
              "uuid": "fe3dccc0-655d-4bd5-a583-9e8861920b3c",
              "parentUUID": "d2f24cf0-cba8-4973-8949-89c0192b2e85",
              "isHook": false,
              "skipped": false
            }
          ],
          "suites": [],
          "passes": [
            "fe3dccc0-655d-4bd5-a583-9e8861920b3c"
          ],
          "failures": [],
          "pending": [],
          "skipped": [],
          "duration": 3152,
          "root": false,
          "rootEmpty": false,
          "_timeout": 2000
        }
      ],
      "passes": [],
      "failures": [],
      "pending": [],
      "skipped": [],
      "duration": 0,
      "root": true,
      "rootEmpty": true,
      "_timeout": 2000
    }
  ],
  "meta": {
    "mocha": {
      "version": "7.0.1"
    },
    "mochawesome": {
      "options": {
        "quiet": false,
        "reportFilename": "mochawesome",
        "saveHtml": false,
        "saveJson": true,
        "consoleReporter": "spec",
        "useInlineDiffs": false,
        "code": true
      },
      "version": "7.0.1"
    },
    "marge": {
      "options": {
        "id": "default",
        "reportDir": "cypress/reports/mocha",
        "quite": true,
        "overwrite": false,
        "html": false,
        "json": true
      },
      "version": "6.0.1"
    }
  }
}