{
  "stats": {
    "suites": 2,
    "tests": 29,
    "passes": 29,
    "pending": 0,
    "failures": 0,
    "start": "2022-02-12T15:30:15.188Z",
    "end": "2022-02-12T15:30:57.018Z",
    "duration": 32503,
    "testsRegistered": 29,
    "passPercent": 100,
    "pendingPercent": 0,
    "other": 0,
    "hasOther": false,
    "skipped": 0,
    "hasSkipped": false
  },
  "results": [
    {
      "uuid": "a9bef3d2-04bd-4d8e-9473-482266a03699",
      "title": "",
      "fullFile": "cypress/integration/test.spec.js",
      "file": "cypress/integration/test.spec.js",
      "beforeHooks": [],
      "afterHooks": [],
      "tests": [],
      "suites": [
        {
          "uuid": "2e522268-2609-4ed0-8888-cc186357a4ef",
          "title": "Maximise browser window and navigate to 'automationpractice.com' URL",
          "fullFile": "",
          "file": "",
          "beforeHooks": [],
          "afterHooks": [],
          "tests": [
            {
              "title": "Visits the AutomationPractice web page",
              "fullTitle": "Maximise browser window and navigate to 'automationpractice.com' URL Visits the AutomationPractice web page",
              "timedOut": null,
              "duration": 7556,
              "state": "passed",
              "speed": "medium",
              "pass": true,
              "fail": false,
              "pending": false,
              "context": null,
              "code": "cy.viewport(1920, 1080); //takodjer je ovo definisano u cypress.json fileu (ali ostavio sam ovo ovdje takodjer)\nsignUp.navigate();",
              "err": {},
              "uuid": "ea6bae8d-69ec-44c1-ad76-1f55c4f5d274",
              "parentUUID": "2e522268-2609-4ed0-8888-cc186357a4ef",
              "isHook": false,
              "skipped": false
            },
            {
              "title": "AutomationPractice web page should be successfully opened",
              "fullTitle": "Maximise browser window and navigate to 'automationpractice.com' URL AutomationPractice web page should be successfully opened",
              "timedOut": null,
              "duration": 69,
              "state": "passed",
              "speed": "fast",
              "pass": true,
              "fail": false,
              "pending": false,
              "context": null,
              "code": "cy.url().should('eq', indexUrl);",
              "err": {},
              "uuid": "27fe5c61-40f9-4437-a487-2c4cb48a2671",
              "parentUUID": "2e522268-2609-4ed0-8888-cc186357a4ef",
              "isHook": false,
              "skipped": false
            }
          ],
          "suites": [],
          "passes": [
            "ea6bae8d-69ec-44c1-ad76-1f55c4f5d274",
            "27fe5c61-40f9-4437-a487-2c4cb48a2671"
          ],
          "failures": [],
          "pending": [],
          "skipped": [],
          "duration": 7625,
          "root": false,
          "rootEmpty": false,
          "_timeout": 2000
        },
        {
          "uuid": "0889ed93-eb8d-4c08-bff5-0f20966c9ab6",
          "title": "On the Home page, click Sign in, enter email and click on the create account.",
          "fullFile": "",
          "file": "",
          "beforeHooks": [],
          "afterHooks": [],
          "tests": [
            {
              "title": " User should be able to click on the 'Sign in' button",
              "fullTitle": "On the Home page, click Sign in, enter email and click on the create account.  User should be able to click on the 'Sign in' button",
              "timedOut": null,
              "duration": 2677,
              "state": "passed",
              "speed": "fast",
              "pass": true,
              "fail": false,
              "pending": false,
              "context": null,
              "code": "signUp.signInButton();",
              "err": {},
              "uuid": "3cd5ad93-a2bd-497b-bf1f-f917335590e5",
              "parentUUID": "0889ed93-eb8d-4c08-bff5-0f20966c9ab6",
              "isHook": false,
              "skipped": false
            },
            {
              "title": "'Sign in' page should be successfully opened",
              "fullTitle": "On the Home page, click Sign in, enter email and click on the create account. 'Sign in' page should be successfully opened",
              "timedOut": null,
              "duration": 12,
              "state": "passed",
              "speed": "fast",
              "pass": true,
              "fail": false,
              "pending": false,
              "context": null,
              "code": "cy.url().should('eq', signInUrl);",
              "err": {},
              "uuid": "a72ab13b-664b-46b1-aa4a-377971295053",
              "parentUUID": "0889ed93-eb8d-4c08-bff5-0f20966c9ab6",
              "isHook": false,
              "skipped": false
            },
            {
              "title": "User should be able to enter email into 'Email address' field",
              "fullTitle": "On the Home page, click Sign in, enter email and click on the create account. User should be able to enter email into 'Email address' field",
              "timedOut": null,
              "duration": 717,
              "state": "passed",
              "speed": "fast",
              "pass": true,
              "fail": false,
              "pending": false,
              "context": null,
              "code": "signUp.enterEmail();",
              "err": {},
              "uuid": "37873593-d1fc-45d0-ba10-f227cdc135b8",
              "parentUUID": "0889ed93-eb8d-4c08-bff5-0f20966c9ab6",
              "isHook": false,
              "skipped": false
            },
            {
              "title": "User should be able to click on 'Create an account' button",
              "fullTitle": "On the Home page, click Sign in, enter email and click on the create account. User should be able to click on 'Create an account' button",
              "timedOut": null,
              "duration": 3151,
              "state": "passed",
              "speed": "fast",
              "pass": true,
              "fail": false,
              "pending": false,
              "context": null,
              "code": "signUp.createAccountButton();",
              "err": {},
              "uuid": "cef72f24-4d68-4d2c-997a-efa1a3d67313",
              "parentUUID": "0889ed93-eb8d-4c08-bff5-0f20966c9ab6",
              "isHook": false,
              "skipped": false
            },
            {
              "title": "User should be able to select the 'Title'",
              "fullTitle": "On the Home page, click Sign in, enter email and click on the create account. User should be able to select the 'Title'",
              "timedOut": null,
              "duration": 196,
              "state": "passed",
              "speed": "fast",
              "pass": true,
              "fail": false,
              "pending": false,
              "context": null,
              "code": "signUp.selectTitle();",
              "err": {},
              "uuid": "a15c8a60-62d2-4dfe-9f78-39733f723302",
              "parentUUID": "0889ed93-eb8d-4c08-bff5-0f20966c9ab6",
              "isHook": false,
              "skipped": false
            },
            {
              "title": "User should be able to enter the 'First Name'",
              "fullTitle": "On the Home page, click Sign in, enter email and click on the create account. User should be able to enter the 'First Name'",
              "timedOut": null,
              "duration": 428,
              "state": "passed",
              "speed": "fast",
              "pass": true,
              "fail": false,
              "pending": false,
              "context": null,
              "code": "signUp.enterName();",
              "err": {},
              "uuid": "4a58f2a0-9d23-4428-8ddb-ee61918d1698",
              "parentUUID": "0889ed93-eb8d-4c08-bff5-0f20966c9ab6",
              "isHook": false,
              "skipped": false
            },
            {
              "title": "User should be able to enter the 'Last Name'",
              "fullTitle": "On the Home page, click Sign in, enter email and click on the create account. User should be able to enter the 'Last Name'",
              "timedOut": null,
              "duration": 407,
              "state": "passed",
              "speed": "fast",
              "pass": true,
              "fail": false,
              "pending": false,
              "context": null,
              "code": "signUp.enterLastName();",
              "err": {},
              "uuid": "483b1133-3253-4b77-92d1-e53993199ca4",
              "parentUUID": "0889ed93-eb8d-4c08-bff5-0f20966c9ab6",
              "isHook": false,
              "skipped": false
            },
            {
              "title": "User should be able to enter the 'Password'",
              "fullTitle": "On the Home page, click Sign in, enter email and click on the create account. User should be able to enter the 'Password'",
              "timedOut": null,
              "duration": 585,
              "state": "passed",
              "speed": "fast",
              "pass": true,
              "fail": false,
              "pending": false,
              "context": null,
              "code": "signUp.enterPassword();",
              "err": {},
              "uuid": "4fc44f42-8979-44d3-996e-9d5e6e0f13f7",
              "parentUUID": "0889ed93-eb8d-4c08-bff5-0f20966c9ab6",
              "isHook": false,
              "skipped": false
            },
            {
              "title": "User should be able to enter the 'Address'",
              "fullTitle": "On the Home page, click Sign in, enter email and click on the create account. User should be able to enter the 'Address'",
              "timedOut": null,
              "duration": 675,
              "state": "passed",
              "speed": "fast",
              "pass": true,
              "fail": false,
              "pending": false,
              "context": null,
              "code": "signUp.enterAddress();",
              "err": {},
              "uuid": "7a0e6a54-948e-4a64-95fb-7ee7c9c7447c",
              "parentUUID": "0889ed93-eb8d-4c08-bff5-0f20966c9ab6",
              "isHook": false,
              "skipped": false
            },
            {
              "title": "User should be able to enter the 'City'",
              "fullTitle": "On the Home page, click Sign in, enter email and click on the create account. User should be able to enter the 'City'",
              "timedOut": null,
              "duration": 499,
              "state": "passed",
              "speed": "fast",
              "pass": true,
              "fail": false,
              "pending": false,
              "context": null,
              "code": "signUp.enterCity();",
              "err": {},
              "uuid": "1ff82d88-990e-4f99-ad1e-c8341123351f",
              "parentUUID": "0889ed93-eb8d-4c08-bff5-0f20966c9ab6",
              "isHook": false,
              "skipped": false
            },
            {
              "title": "User should be able to select the 'State'",
              "fullTitle": "On the Home page, click Sign in, enter email and click on the create account. User should be able to select the 'State'",
              "timedOut": null,
              "duration": 266,
              "state": "passed",
              "speed": "fast",
              "pass": true,
              "fail": false,
              "pending": false,
              "context": null,
              "code": "signUp.selectState();",
              "err": {},
              "uuid": "1c759cf5-9f59-4805-ba9c-e09182a14c74",
              "parentUUID": "0889ed93-eb8d-4c08-bff5-0f20966c9ab6",
              "isHook": false,
              "skipped": false
            },
            {
              "title": "User should be able to enter the 'Zip/Postal Code'",
              "fullTitle": "On the Home page, click Sign in, enter email and click on the create account. User should be able to enter the 'Zip/Postal Code'",
              "timedOut": null,
              "duration": 743,
              "state": "passed",
              "speed": "fast",
              "pass": true,
              "fail": false,
              "pending": false,
              "context": null,
              "code": "signUp.enterZIP();",
              "err": {},
              "uuid": "7f5b7e8b-fa74-4e9d-87dc-6be4307de488",
              "parentUUID": "0889ed93-eb8d-4c08-bff5-0f20966c9ab6",
              "isHook": false,
              "skipped": false
            },
            {
              "title": "User should be able to enter the 'Mobile Phone'",
              "fullTitle": "On the Home page, click Sign in, enter email and click on the create account. User should be able to enter the 'Mobile Phone'",
              "timedOut": null,
              "duration": 1078,
              "state": "passed",
              "speed": "fast",
              "pass": true,
              "fail": false,
              "pending": false,
              "context": null,
              "code": "signUp.enterMobilePhone();",
              "err": {},
              "uuid": "5578af1b-d0dd-4e73-af87-982e057f5cc4",
              "parentUUID": "0889ed93-eb8d-4c08-bff5-0f20966c9ab6",
              "isHook": false,
              "skipped": false
            },
            {
              "title": "User should be able to click on 'Register' button",
              "fullTitle": "On the Home page, click Sign in, enter email and click on the create account. User should be able to click on 'Register' button",
              "timedOut": null,
              "duration": 3102,
              "state": "passed",
              "speed": "fast",
              "pass": true,
              "fail": false,
              "pending": false,
              "context": null,
              "code": "signUp.registerButton();",
              "err": {},
              "uuid": "7dc75a94-9e52-4f69-a360-4a64c8c63bb0",
              "parentUUID": "0889ed93-eb8d-4c08-bff5-0f20966c9ab6",
              "isHook": false,
              "skipped": false
            },
            {
              "title": "User should be successfully Logged In (verified by an existing 'Sign Out' button in top right corner",
              "fullTitle": "On the Home page, click Sign in, enter email and click on the create account. User should be successfully Logged In (verified by an existing 'Sign Out' button in top right corner",
              "timedOut": null,
              "duration": 41,
              "state": "passed",
              "speed": "fast",
              "pass": true,
              "fail": false,
              "pending": false,
              "context": null,
              "code": "signUp.signOutVisible();",
              "err": {},
              "uuid": "45e243d0-8513-4ebc-9464-7599bbca43dd",
              "parentUUID": "0889ed93-eb8d-4c08-bff5-0f20966c9ab6",
              "isHook": false,
              "skipped": false
            }
          ],
          "suites": [],
          "passes": [
            "3cd5ad93-a2bd-497b-bf1f-f917335590e5",
            "a72ab13b-664b-46b1-aa4a-377971295053",
            "37873593-d1fc-45d0-ba10-f227cdc135b8",
            "cef72f24-4d68-4d2c-997a-efa1a3d67313",
            "a15c8a60-62d2-4dfe-9f78-39733f723302",
            "4a58f2a0-9d23-4428-8ddb-ee61918d1698",
            "483b1133-3253-4b77-92d1-e53993199ca4",
            "4fc44f42-8979-44d3-996e-9d5e6e0f13f7",
            "7a0e6a54-948e-4a64-95fb-7ee7c9c7447c",
            "1ff82d88-990e-4f99-ad1e-c8341123351f",
            "1c759cf5-9f59-4805-ba9c-e09182a14c74",
            "7f5b7e8b-fa74-4e9d-87dc-6be4307de488",
            "5578af1b-d0dd-4e73-af87-982e057f5cc4",
            "7dc75a94-9e52-4f69-a360-4a64c8c63bb0",
            "45e243d0-8513-4ebc-9464-7599bbca43dd"
          ],
          "failures": [],
          "pending": [],
          "skipped": [],
          "duration": 14577,
          "root": false,
          "rootEmpty": false,
          "_timeout": 2000
        },
        {
          "uuid": "80372a7c-ec9d-4824-acfc-e57481354d30",
          "title": "Verify that the popular category has 7 products",
          "fullFile": "",
          "file": "",
          "beforeHooks": [],
          "afterHooks": [],
          "tests": [
            {
              "title": "User should be able to navigate to Home page",
              "fullTitle": "Verify that the popular category has 7 products User should be able to navigate to Home page",
              "timedOut": null,
              "duration": 3216,
              "state": "passed",
              "speed": "fast",
              "pass": true,
              "fail": false,
              "pending": false,
              "context": null,
              "code": "popular.navigateToHomePage();",
              "err": {},
              "uuid": "e1de05b2-2474-48c4-ae44-6a438c0513ed",
              "parentUUID": "80372a7c-ec9d-4824-acfc-e57481354d30",
              "isHook": false,
              "skipped": false
            },
            {
              "title": "'Popular' category should have 7 products",
              "fullTitle": "Verify that the popular category has 7 products 'Popular' category should have 7 products",
              "timedOut": null,
              "duration": 84,
              "state": "passed",
              "speed": "fast",
              "pass": true,
              "fail": false,
              "pending": false,
              "context": null,
              "code": "popular.verify7Products();",
              "err": {},
              "uuid": "10316e99-49bc-4544-9d79-5f0c522d96de",
              "parentUUID": "80372a7c-ec9d-4824-acfc-e57481354d30",
              "isHook": false,
              "skipped": false
            }
          ],
          "suites": [],
          "passes": [
            "e1de05b2-2474-48c4-ae44-6a438c0513ed",
            "10316e99-49bc-4544-9d79-5f0c522d96de"
          ],
          "failures": [],
          "pending": [],
          "skipped": [],
          "duration": 3300,
          "root": false,
          "rootEmpty": false,
          "_timeout": 2000
        },
        {
          "uuid": "43212f78-26cc-4d89-a711-b8daea2473c8",
          "title": "Verify that the best sellers category has 7 products",
          "fullFile": "",
          "file": "",
          "beforeHooks": [],
          "afterHooks": [],
          "tests": [
            {
              "title": "User should be able to click on Best Sellers button",
              "fullTitle": "Verify that the best sellers category has 7 products User should be able to click on Best Sellers button",
              "timedOut": null,
              "duration": 174,
              "state": "passed",
              "speed": "fast",
              "pass": true,
              "fail": false,
              "pending": false,
              "context": null,
              "code": "sellers.clickOnBestSellers();",
              "err": {},
              "uuid": "ce1456d3-8ae8-4ea2-be23-1779600d69f8",
              "parentUUID": "43212f78-26cc-4d89-a711-b8daea2473c8",
              "isHook": false,
              "skipped": false
            },
            {
              "title": "Verify that Best Sellers product list is displayed",
              "fullTitle": "Verify that the best sellers category has 7 products Verify that Best Sellers product list is displayed",
              "timedOut": null,
              "duration": 102,
              "state": "passed",
              "speed": "fast",
              "pass": true,
              "fail": false,
              "pending": false,
              "context": null,
              "code": "sellers.verifyBestSellersList();",
              "err": {},
              "uuid": "b3cf9ad5-7be5-4648-be30-e718fc584fca",
              "parentUUID": "43212f78-26cc-4d89-a711-b8daea2473c8",
              "isHook": false,
              "skipped": false
            },
            {
              "title": "'Best Sellers' category should have 7 products",
              "fullTitle": "Verify that the best sellers category has 7 products 'Best Sellers' category should have 7 products",
              "timedOut": null,
              "duration": 37,
              "state": "passed",
              "speed": "fast",
              "pass": true,
              "fail": false,
              "pending": false,
              "context": null,
              "code": "sellers.verify7Products();",
              "err": {},
              "uuid": "8e60e1ab-c484-4e1d-b03f-77442b8814f3",
              "parentUUID": "43212f78-26cc-4d89-a711-b8daea2473c8",
              "isHook": false,
              "skipped": false
            }
          ],
          "suites": [],
          "passes": [
            "ce1456d3-8ae8-4ea2-be23-1779600d69f8",
            "b3cf9ad5-7be5-4648-be30-e718fc584fca",
            "8e60e1ab-c484-4e1d-b03f-77442b8814f3"
          ],
          "failures": [],
          "pending": [],
          "skipped": [],
          "duration": 313,
          "root": false,
          "rootEmpty": false,
          "_timeout": 2000
        },
        {
          "uuid": "933e5743-ea2d-4cf6-9d47-1477369abfaf",
          "title": "Enter 'Printed Dresses' into the search field and save the results titles into a .txt file",
          "fullFile": "",
          "file": "",
          "beforeHooks": [],
          "afterHooks": [],
          "tests": [
            {
              "title": "User should be able to search for 'Printed dresses'",
              "fullTitle": "Enter 'Printed Dresses' into the search field and save the results titles into a .txt file User should be able to search for 'Printed dresses'",
              "timedOut": null,
              "duration": 2774,
              "state": "passed",
              "speed": "fast",
              "pass": true,
              "fail": false,
              "pending": false,
              "context": null,
              "code": "printedDresses.searchForPrintedDresses();",
              "err": {},
              "uuid": "cc0e981f-7aac-4a8f-a6e7-c2fcc1178f3a",
              "parentUUID": "933e5743-ea2d-4cf6-9d47-1477369abfaf",
              "isHook": false,
              "skipped": false
            },
            {
              "title": "Verify that 5 products with name are displayed",
              "fullTitle": "Enter 'Printed Dresses' into the search field and save the results titles into a .txt file Verify that 5 products with name are displayed",
              "timedOut": null,
              "duration": 57,
              "state": "passed",
              "speed": "fast",
              "pass": true,
              "fail": false,
              "pending": false,
              "context": null,
              "code": "printedDresses.verify5Products();",
              "err": {},
              "uuid": "604d0ee4-aeb1-4231-9712-64a7744dc18b",
              "parentUUID": "933e5743-ea2d-4cf6-9d47-1477369abfaf",
              "isHook": false,
              "skipped": false
            },
            {
              "title": "Input results into .txt file",
              "fullTitle": "Enter 'Printed Dresses' into the search field and save the results titles into a .txt file Input results into .txt file",
              "timedOut": null,
              "duration": 57,
              "state": "passed",
              "speed": "fast",
              "pass": true,
              "fail": false,
              "pending": false,
              "context": null,
              "code": "printedDresses.inputResultsIntoTXTfile();",
              "err": {},
              "uuid": "9c34e310-0333-4b5b-908a-e6b63c3f7eaa",
              "parentUUID": "933e5743-ea2d-4cf6-9d47-1477369abfaf",
              "isHook": false,
              "skipped": false
            }
          ],
          "suites": [],
          "passes": [
            "cc0e981f-7aac-4a8f-a6e7-c2fcc1178f3a",
            "604d0ee4-aeb1-4231-9712-64a7744dc18b",
            "9c34e310-0333-4b5b-908a-e6b63c3f7eaa"
          ],
          "failures": [],
          "pending": [],
          "skipped": [],
          "duration": 2888,
          "root": false,
          "rootEmpty": false,
          "_timeout": 2000
        }
      ],
      "passes": [],
      "failures": [],
      "pending": [],
      "skipped": [],
      "duration": 0,
      "root": true,
      "rootEmpty": true,
      "_timeout": 2000
    },
    {
      "uuid": "30cc26c4-ff29-4229-8f81-e960e6e6432c",
      "title": "",
      "fullFile": "cypress/integration/API_spec.js",
      "file": "cypress/integration/API_spec.js",
      "beforeHooks": [],
      "afterHooks": [],
      "tests": [],
      "suites": [
        {
          "uuid": "96d1c2b6-b151-463a-b0b0-f2db03b73e22",
          "title": "Get API user list",
          "fullFile": "",
          "file": "",
          "beforeHooks": [],
          "afterHooks": [],
          "tests": [
            {
              "title": "Get Users",
              "fullTitle": "Get API user list Get Users",
              "timedOut": null,
              "duration": 234,
              "state": "passed",
              "speed": "fast",
              "pass": true,
              "fail": false,
              "pending": false,
              "context": null,
              "code": "cy.request({\n  method: 'GET',\n  url: 'https://reqres.in/api/users'\n}).should(response => {\n  cy.log(JSON.stringify(response.body));\n  expect(response.status).to.eq(200);\n});",
              "err": {},
              "uuid": "afc3d476-5ce1-4a3a-bfa8-298d826db72b",
              "parentUUID": "96d1c2b6-b151-463a-b0b0-f2db03b73e22",
              "isHook": false,
              "skipped": false
            }
          ],
          "suites": [],
          "passes": [
            "afc3d476-5ce1-4a3a-bfa8-298d826db72b"
          ],
          "failures": [],
          "pending": [],
          "skipped": [],
          "duration": 234,
          "root": false,
          "rootEmpty": false,
          "_timeout": 2000
        },
        {
          "uuid": "9aa43998-acea-4d58-bb01-6dbdcae1ca74",
          "title": "Register Unsuccessful",
          "fullFile": "",
          "file": "",
          "beforeHooks": [],
          "afterHooks": [],
          "tests": [
            {
              "title": "Get Users",
              "fullTitle": "Register Unsuccessful Get Users",
              "timedOut": null,
              "duration": 185,
              "state": "passed",
              "speed": "fast",
              "pass": true,
              "fail": false,
              "pending": false,
              "context": null,
              "code": "cy.request({\n  method: 'POST',\n  url: 'https://reqres.in/api/register',\n  failOnStatusCode: false,\n  body: {\n    \"email\": \"sydney@fife\"\n  }\n}).then(response => {\n  cy.log(JSON.stringify(response.body));\n  expect(response.status).to.eq(400);\n});",
              "err": {},
              "uuid": "7d34c691-7441-4231-b798-f1c47274da49",
              "parentUUID": "9aa43998-acea-4d58-bb01-6dbdcae1ca74",
              "isHook": false,
              "skipped": false
            }
          ],
          "suites": [],
          "passes": [
            "7d34c691-7441-4231-b798-f1c47274da49"
          ],
          "failures": [],
          "pending": [],
          "skipped": [],
          "duration": 185,
          "root": false,
          "rootEmpty": false,
          "_timeout": 2000
        },
        {
          "uuid": "fe075987-fe60-49b0-91f4-abbd7f54a922",
          "title": "Delete user",
          "fullFile": "",
          "file": "",
          "beforeHooks": [],
          "afterHooks": [],
          "tests": [
            {
              "title": "Get Users",
              "fullTitle": "Delete user Get Users",
              "timedOut": null,
              "duration": 180,
              "state": "passed",
              "speed": "fast",
              "pass": true,
              "fail": false,
              "pending": false,
              "context": null,
              "code": "cy.request({\n  method: 'DELETE',\n  url: 'https://reqres.in/api/users/2'\n}).then(response => {\n  cy.log(JSON.stringify(response.body));\n  expect(response.status).to.eq(204);\n});",
              "err": {},
              "uuid": "665f579e-6a0d-41b6-b3f2-f30aef782ab3",
              "parentUUID": "fe075987-fe60-49b0-91f4-abbd7f54a922",
              "isHook": false,
              "skipped": false
            }
          ],
          "suites": [],
          "passes": [
            "665f579e-6a0d-41b6-b3f2-f30aef782ab3"
          ],
          "failures": [],
          "pending": [],
          "skipped": [],
          "duration": 180,
          "root": false,
          "rootEmpty": false,
          "_timeout": 2000
        },
        {
          "uuid": "771193c9-dfec-488d-9230-6d7c7a9092a8",
          "title": "Delayed Response",
          "fullFile": "",
          "file": "",
          "beforeHooks": [],
          "afterHooks": [],
          "tests": [
            {
              "title": "Get Users",
              "fullTitle": "Delayed Response Get Users",
              "timedOut": null,
              "duration": 3201,
              "state": "passed",
              "speed": "fast",
              "pass": true,
              "fail": false,
              "pending": false,
              "context": null,
              "code": "cy.request({\n  method: 'GET',\n  url: 'https://reqres.in/api/users?delay=3'\n}).then(response => {\n  cy.log(JSON.stringify(response.body));\n  expect(response.status).to.eq(200);\n});",
              "err": {},
              "uuid": "a5f9db52-0657-4cdb-8aa9-2c9359b5eb0f",
              "parentUUID": "771193c9-dfec-488d-9230-6d7c7a9092a8",
              "isHook": false,
              "skipped": false
            }
          ],
          "suites": [],
          "passes": [
            "a5f9db52-0657-4cdb-8aa9-2c9359b5eb0f"
          ],
          "failures": [],
          "pending": [],
          "skipped": [],
          "duration": 3201,
          "root": false,
          "rootEmpty": false,
          "_timeout": 2000
        }
      ],
      "passes": [],
      "failures": [],
      "pending": [],
      "skipped": [],
      "duration": 0,
      "root": true,
      "rootEmpty": true,
      "_timeout": 2000
    }
  ],
  "meta": {
    "mocha": {
      "version": "7.0.1"
    },
    "mochawesome": {
      "options": {
        "quiet": false,
        "reportFilename": "mochawesome",
        "saveHtml": false,
        "saveJson": true,
        "consoleReporter": "spec",
        "useInlineDiffs": false,
        "code": true
      },
      "version": "7.0.1"
    },
    "marge": {
      "options": {
        "id": "default",
        "reportDir": "cypress/reports/mocha",
        "quite": true,
        "overwrite": false,
        "html": false,
        "json": true
      },
      "version": "6.0.1"
    }
  }
}